2025-01-15 15:22:08,118 - INFO - Scraping started.
2025-01-15 15:22:08,118 - INFO - Fetching URL: http://www.openrice.com/en/hongkong/restaurant/sr1.htm?page=1&searchSort=31&region=0&district_id=5002
2025-01-15 15:22:08,681 - INFO - Successfully fetched URL.
2025-01-15 15:22:08,731 - INFO - Found 15 restaurants.
2025-01-15 15:22:08,731 - INFO - Processing restaurant 1...
2025-01-15 15:22:08,790 - INFO - Processing restaurant 2...
2025-01-15 15:22:08,853 - INFO - Processing restaurant 3...
2025-01-15 15:22:08,915 - INFO - Processing restaurant 4...
2025-01-15 15:22:08,975 - INFO - Processing restaurant 5...
2025-01-15 15:22:09,899 - INFO - Processing restaurant 6...
2025-01-15 15:22:10,842 - INFO - Processing restaurant 7...
2025-01-15 15:22:11,738 - INFO - Processing restaurant 8...
2025-01-15 15:22:12,761 - INFO - Processing restaurant 9...
2025-01-15 15:22:13,956 - INFO - Processing restaurant 10...
2025-01-15 15:22:15,919 - INFO - Processing restaurant 11...
2025-01-15 15:22:16,835 - INFO - Processing restaurant 12...
2025-01-15 15:22:22,590 - INFO - Processing restaurant 13...
2025-01-15 15:22:23,716 - INFO - Processing restaurant 14...
2025-01-15 15:22:25,152 - INFO - Processing restaurant 15...
2025-01-15 15:22:29,510 - INFO - Fetching URL: http://www.openrice.com/en/hongkong/restaurant/sr1.htm?page=2&searchSort=31&region=0&district_id=5002
2025-01-15 15:22:31,361 - INFO - Successfully fetched URL.
2025-01-15 15:22:31,415 - INFO - Found 15 restaurants.
2025-01-15 15:22:31,415 - INFO - Processing restaurant 1...
2025-01-15 15:22:31,493 - INFO - Processing restaurant 2...
2025-01-15 15:22:31,544 - INFO - Processing restaurant 3...
2025-01-15 15:22:31,597 - INFO - Processing restaurant 4...
2025-01-15 15:22:31,649 - INFO - Processing restaurant 5...
2025-01-15 15:22:31,703 - INFO - Processing restaurant 6...
2025-01-15 15:22:31,757 - INFO - Processing restaurant 7...
2025-01-15 15:22:31,808 - INFO - Processing restaurant 8...
2025-01-15 15:22:31,875 - INFO - Processing restaurant 9...
2025-01-15 15:22:31,926 - INFO - Processing restaurant 10...
2025-01-15 15:22:31,977 - INFO - Processing restaurant 11...
2025-01-15 15:22:32,026 - INFO - Processing restaurant 12...
2025-01-15 15:22:32,080 - INFO - Processing restaurant 13...
2025-01-15 15:22:32,132 - INFO - Processing restaurant 14...
2025-01-15 15:22:32,185 - INFO - Processing restaurant 15...
2025-01-15 15:22:34,267 - INFO - Fetching URL: http://www.openrice.com/en/hongkong/restaurant/sr1.htm?page=3&searchSort=31&region=0&district_id=5002
2025-01-15 15:22:36,343 - INFO - Successfully fetched URL.
2025-01-15 15:22:36,398 - INFO - Found 15 restaurants.
2025-01-15 15:22:36,398 - INFO - Processing restaurant 1...
2025-01-15 15:22:36,462 - INFO - Processing restaurant 2...
2025-01-15 15:22:36,517 - INFO - Processing restaurant 3...
2025-01-15 15:22:36,583 - INFO - Processing restaurant 4...
2025-01-15 15:22:36,637 - INFO - Processing restaurant 5...
2025-01-15 15:22:36,709 - INFO - Processing restaurant 6...
2025-01-15 15:22:36,778 - INFO - Processing restaurant 7...
2025-01-15 15:22:36,861 - INFO - Processing restaurant 8...
2025-01-15 15:22:36,915 - INFO - Processing restaurant 9...
2025-01-15 15:22:36,967 - INFO - Processing restaurant 10...
2025-01-15 15:22:37,020 - INFO - Processing restaurant 11...
2025-01-15 15:22:37,075 - INFO - Processing restaurant 12...
2025-01-15 15:22:37,128 - INFO - Processing restaurant 13...
2025-01-15 15:22:37,179 - INFO - Processing restaurant 14...
2025-01-15 15:22:37,253 - INFO - Processing restaurant 15...
2025-01-15 15:22:39,307 - INFO - Fetching URL: http://www.openrice.com/en/hongkong/restaurant/sr1.htm?page=4&searchSort=31&region=0&district_id=5002
2025-01-15 15:22:41,013 - INFO - Successfully fetched URL.
2025-01-15 15:22:41,056 - INFO - Found 15 restaurants.
2025-01-15 15:22:41,056 - INFO - Processing restaurant 1...
2025-01-15 15:22:41,110 - INFO - Processing restaurant 2...
2025-01-15 15:22:41,159 - INFO - Processing restaurant 3...
2025-01-15 15:22:41,209 - INFO - Processing restaurant 4...
2025-01-15 15:22:41,262 - INFO - Processing restaurant 5...
2025-01-15 15:22:41,336 - INFO - Processing restaurant 6...
2025-01-15 15:22:41,388 - INFO - Processing restaurant 7...
2025-01-15 15:22:41,441 - INFO - Processing restaurant 8...
2025-01-15 15:22:41,497 - INFO - Processing restaurant 9...
2025-01-15 15:22:41,548 - INFO - Processing restaurant 10...
2025-01-15 15:22:41,603 - INFO - Processing restaurant 11...
2025-01-15 15:22:41,651 - INFO - Processing restaurant 12...
2025-01-15 15:22:41,702 - INFO - Processing restaurant 13...
2025-01-15 15:22:41,771 - INFO - Processing restaurant 14...
2025-01-15 15:22:41,821 - INFO - Processing restaurant 15...
2025-01-15 15:22:43,877 - INFO - Fetching URL: http://www.openrice.com/en/hongkong/restaurant/sr1.htm?page=5&searchSort=31&region=0&district_id=5002
2025-01-15 15:22:45,145 - INFO - Successfully fetched URL.
2025-01-15 15:22:45,200 - INFO - Found 15 restaurants.
2025-01-15 15:22:45,200 - INFO - Processing restaurant 1...
2025-01-15 15:22:45,253 - INFO - Processing restaurant 2...
2025-01-15 15:22:45,310 - INFO - Processing restaurant 3...
2025-01-15 15:22:45,369 - INFO - Processing restaurant 4...
2025-01-15 15:22:45,439 - INFO - Processing restaurant 5...
2025-01-15 15:22:45,490 - INFO - Processing restaurant 6...
2025-01-15 15:22:45,541 - INFO - Processing restaurant 7...
2025-01-15 15:22:45,589 - INFO - Processing restaurant 8...
2025-01-15 15:22:45,641 - INFO - Processing restaurant 9...
2025-01-15 15:22:45,694 - INFO - Processing restaurant 10...
2025-01-15 15:22:45,748 - INFO - Processing restaurant 11...
2025-01-15 15:22:48,039 - INFO - Scraping started.
2025-01-15 15:22:48,039 - INFO - Fetching URL: http://www.openrice.com/en/hongkong/restaurant/sr1.htm?page=1&searchSort=31&region=0&district_id=5002
2025-01-15 15:22:48,344 - INFO - Successfully fetched URL.
2025-01-15 15:22:48,390 - INFO - Found 15 restaurants.
2025-01-15 15:22:48,390 - INFO - Processing restaurant 1...
2025-01-15 15:22:48,449 - INFO - Processing restaurant 2...
2025-01-15 15:22:48,507 - INFO - Processing restaurant 3...
2025-01-15 15:22:48,560 - INFO - Processing restaurant 4...
2025-01-15 15:22:48,613 - INFO - Processing restaurant 5...
2025-01-15 15:22:48,671 - INFO - Processing restaurant 6...
2025-01-15 15:22:48,725 - INFO - Processing restaurant 7...
2025-01-15 15:22:48,778 - INFO - Processing restaurant 8...
2025-01-15 15:22:48,842 - INFO - Processing restaurant 9...
2025-01-15 15:22:48,909 - INFO - Processing restaurant 10...
2025-01-15 15:22:48,961 - INFO - Processing restaurant 11...
2025-01-15 15:22:49,013 - INFO - Processing restaurant 12...
2025-01-15 15:22:49,066 - INFO - Processing restaurant 13...
2025-01-15 15:22:49,122 - INFO - Processing restaurant 14...
2025-01-15 15:22:49,185 - INFO - Processing restaurant 15...
2025-01-15 15:22:51,245 - INFO - Fetching URL: http://www.openrice.com/en/hongkong/restaurant/sr1.htm?page=2&searchSort=31&region=0&district_id=5002
2025-01-15 15:22:51,318 - INFO - Successfully fetched URL.
2025-01-15 15:22:51,372 - INFO - Found 15 restaurants.
2025-01-15 15:22:51,373 - INFO - Processing restaurant 1...
2025-01-15 15:22:51,448 - INFO - Processing restaurant 2...
2025-01-15 15:22:51,498 - INFO - Processing restaurant 3...
2025-01-15 15:22:51,548 - INFO - Processing restaurant 4...
2025-01-15 15:22:51,597 - INFO - Processing restaurant 5...
2025-01-15 15:22:51,650 - INFO - Processing restaurant 6...
2025-01-15 15:22:51,699 - INFO - Processing restaurant 7...
2025-01-15 15:22:51,751 - INFO - Processing restaurant 8...
2025-01-15 15:22:51,820 - INFO - Processing restaurant 9...
2025-01-15 15:23:01,860 - INFO - Scraping started.
2025-01-15 15:23:01,860 - INFO - Fetching URL: http://www.openrice.com/en/hongkong/restaurant/sr1.htm?page=1&searchSort=31&region=0&district_id=5002
2025-01-15 15:23:03,114 - INFO - Successfully fetched URL.
2025-01-15 15:23:03,175 - INFO - Found 15 restaurants.
2025-01-15 15:23:03,175 - INFO - Processing restaurant 1...
2025-01-15 15:23:04,807 - INFO - Processing restaurant 2...
2025-01-15 15:23:05,794 - INFO - Processing restaurant 3...
2025-01-15 15:23:06,817 - INFO - Processing restaurant 4...
2025-01-15 15:23:07,795 - INFO - Processing restaurant 5...
2025-01-15 15:23:08,970 - INFO - Processing restaurant 6...
2025-01-15 15:23:10,336 - INFO - Processing restaurant 7...
2025-01-15 15:23:11,407 - INFO - Processing restaurant 8...
2025-01-15 15:23:12,366 - INFO - Processing restaurant 9...
2025-01-15 15:23:13,626 - INFO - Processing restaurant 10...
2025-01-15 15:23:15,225 - INFO - Processing restaurant 11...
2025-01-15 15:23:16,351 - INFO - Processing restaurant 12...
2025-01-15 15:23:18,383 - INFO - Processing restaurant 13...
2025-01-15 15:23:19,310 - INFO - Processing restaurant 14...
2025-01-15 15:23:21,022 - INFO - Processing restaurant 15...
2025-01-15 15:23:24,281 - INFO - Fetching URL: http://www.openrice.com/en/hongkong/restaurant/sr1.htm?page=2&searchSort=31&region=0&district_id=5002
2025-01-15 15:23:25,741 - INFO - Successfully fetched URL.
2025-01-15 15:23:25,789 - INFO - Found 15 restaurants.
2025-01-15 15:23:25,790 - INFO - Processing restaurant 1...
2025-01-15 15:23:25,863 - INFO - Processing restaurant 2...
2025-01-15 15:23:25,917 - INFO - Processing restaurant 3...
2025-01-15 15:23:25,975 - INFO - Processing restaurant 4...
2025-01-15 15:23:26,023 - INFO - Processing restaurant 5...
2025-01-15 15:23:26,078 - INFO - Processing restaurant 6...
2025-01-15 15:23:26,128 - INFO - Processing restaurant 7...
2025-01-15 15:23:26,182 - INFO - Processing restaurant 8...
2025-01-15 15:23:26,257 - INFO - Processing restaurant 9...
2025-01-15 15:23:26,314 - INFO - Processing restaurant 10...
2025-01-15 15:23:26,367 - INFO - Processing restaurant 11...
2025-01-15 15:23:27,310 - INFO - Processing restaurant 12...
2025-01-15 15:23:31,126 - INFO - Processing restaurant 13...
2025-01-15 15:23:32,120 - INFO - Processing restaurant 14...
2025-01-15 15:23:33,165 - INFO - Processing restaurant 15...
2025-01-15 15:23:36,400 - INFO - Fetching URL: http://www.openrice.com/en/hongkong/restaurant/sr1.htm?page=3&searchSort=31&region=0&district_id=5002
2025-01-15 15:23:37,987 - INFO - Successfully fetched URL.
2025-01-15 15:23:38,041 - INFO - Found 15 restaurants.
2025-01-15 15:23:38,042 - INFO - Processing restaurant 1...
2025-01-15 15:23:39,083 - INFO - Processing restaurant 2...
2025-01-15 15:23:40,004 - INFO - Processing restaurant 3...
2025-01-15 15:23:41,133 - INFO - Processing restaurant 4...
2025-01-15 15:23:42,669 - INFO - Processing restaurant 5...
2025-01-15 15:23:43,612 - INFO - Processing restaurant 6...
2025-01-15 15:23:45,024 - INFO - Processing restaurant 7...
2025-01-15 15:23:46,176 - INFO - Processing restaurant 8...
2025-01-15 15:23:47,074 - INFO - Processing restaurant 9...
2025-01-15 15:23:48,607 - INFO - Processing restaurant 10...
2025-01-15 15:23:49,529 - INFO - Processing restaurant 11...
2025-01-15 15:23:49,600 - INFO - Processing restaurant 12...
2025-01-15 15:23:49,656 - INFO - Processing restaurant 13...
2025-01-15 15:23:49,714 - INFO - Processing restaurant 14...
2025-01-15 15:23:49,785 - INFO - Processing restaurant 15...
2025-01-15 15:23:51,846 - INFO - Fetching URL: http://www.openrice.com/en/hongkong/restaurant/sr1.htm?page=4&searchSort=31&region=0&district_id=5002
2025-01-15 15:23:53,299 - INFO - Successfully fetched URL.
2025-01-15 15:23:53,356 - INFO - Found 15 restaurants.
2025-01-15 15:23:53,356 - INFO - Processing restaurant 1...
2025-01-15 15:23:53,412 - INFO - Processing restaurant 2...
2025-01-15 15:23:53,469 - INFO - Processing restaurant 3...
2025-01-15 15:23:53,520 - INFO - Processing restaurant 4...
2025-01-15 15:23:53,577 - INFO - Processing restaurant 5...
2025-01-15 15:23:53,662 - INFO - Processing restaurant 6...
2025-01-15 15:23:53,740 - INFO - Processing restaurant 7...
2025-01-15 15:23:53,814 - INFO - Processing restaurant 8...
2025-01-15 15:23:53,873 - INFO - Processing restaurant 9...
2025-01-15 15:23:53,925 - INFO - Processing restaurant 10...
2025-01-15 15:23:53,978 - INFO - Processing restaurant 11...
2025-01-15 15:23:54,028 - INFO - Processing restaurant 12...
2025-01-15 15:23:54,079 - INFO - Processing restaurant 13...
2025-01-15 15:23:54,148 - INFO - Processing restaurant 14...
2025-01-15 15:23:54,200 - INFO - Processing restaurant 15...
2025-01-15 15:23:56,259 - INFO - Fetching URL: http://www.openrice.com/en/hongkong/restaurant/sr1.htm?page=5&searchSort=31&region=0&district_id=5002
2025-01-15 15:23:57,547 - INFO - Successfully fetched URL.
2025-01-15 15:23:57,603 - INFO - Found 15 restaurants.
2025-01-15 15:23:57,603 - INFO - Processing restaurant 1...
2025-01-15 15:23:57,658 - INFO - Processing restaurant 2...
2025-01-15 15:23:57,719 - INFO - Processing restaurant 3...
2025-01-15 15:23:57,769 - INFO - Processing restaurant 4...
2025-01-15 15:23:57,841 - INFO - Processing restaurant 5...
2025-01-15 15:23:57,898 - INFO - Processing restaurant 6...
2025-01-15 15:23:57,954 - INFO - Processing restaurant 7...
2025-01-15 15:23:58,008 - INFO - Processing restaurant 8...
2025-01-15 15:23:58,060 - INFO - Processing restaurant 9...
2025-01-15 15:23:58,114 - INFO - Processing restaurant 10...
2025-01-15 15:23:58,164 - INFO - Processing restaurant 11...
2025-01-15 15:23:58,233 - INFO - Processing restaurant 12...
2025-01-15 15:23:58,290 - INFO - Processing restaurant 13...
2025-01-15 15:23:58,341 - INFO - Processing restaurant 14...
2025-01-15 15:23:58,394 - INFO - Processing restaurant 15...
2025-01-15 15:24:00,460 - INFO - Fetching URL: http://www.openrice.com/en/hongkong/restaurant/sr1.htm?page=6&searchSort=31&region=0&district_id=5002
2025-01-15 15:24:01,919 - INFO - Successfully fetched URL.
2025-01-15 15:24:01,959 - INFO - Found 15 restaurants.
2025-01-15 15:24:01,959 - INFO - Processing restaurant 1...
2025-01-15 15:24:02,015 - INFO - Processing restaurant 2...
2025-01-15 15:24:02,083 - INFO - Processing restaurant 3...
2025-01-15 15:24:02,128 - INFO - Processing restaurant 4...
2025-01-15 15:24:02,174 - INFO - Processing restaurant 5...
2025-01-15 15:24:02,224 - INFO - Processing restaurant 6...
2025-01-15 15:24:02,272 - INFO - Processing restaurant 7...
2025-01-15 15:24:02,325 - INFO - Processing restaurant 8...
2025-01-15 15:24:02,377 - INFO - Processing restaurant 9...
2025-01-15 15:24:02,433 - INFO - Processing restaurant 10...
2025-01-15 15:24:02,504 - INFO - Processing restaurant 11...
2025-01-15 15:24:02,549 - INFO - Processing restaurant 12...
2025-01-15 15:24:02,605 - INFO - Processing restaurant 13...
2025-01-15 15:24:02,651 - INFO - Processing restaurant 14...
2025-01-15 15:24:02,698 - INFO - Processing restaurant 15...
2025-01-15 15:24:04,755 - INFO - Fetching URL: http://www.openrice.com/en/hongkong/restaurant/sr1.htm?page=7&searchSort=31&region=0&district_id=5002
2025-01-15 15:24:06,123 - INFO - Successfully fetched URL.
2025-01-15 15:24:06,178 - INFO - Found 15 restaurants.
2025-01-15 15:24:06,178 - INFO - Processing restaurant 1...
2025-01-15 15:24:06,252 - INFO - Processing restaurant 2...
2025-01-15 15:24:06,308 - INFO - Processing restaurant 3...
2025-01-15 15:24:06,359 - INFO - Processing restaurant 4...
2025-01-15 15:24:06,476 - INFO - Processing restaurant 5...
2025-01-15 15:24:06,531 - INFO - Processing restaurant 6...
2025-01-15 15:24:06,588 - INFO - Processing restaurant 7...
2025-01-15 15:24:06,642 - INFO - Processing restaurant 8...
2025-01-15 15:24:06,725 - INFO - Processing restaurant 9...
2025-01-15 15:24:06,777 - INFO - Processing restaurant 10...
2025-01-15 15:24:06,832 - INFO - Processing restaurant 11...
2025-01-15 15:24:06,880 - INFO - Processing restaurant 12...
2025-01-15 15:24:06,935 - INFO - Processing restaurant 13...
2025-01-15 15:24:06,983 - INFO - Processing restaurant 14...
2025-01-15 15:24:07,034 - INFO - Processing restaurant 15...
2025-01-15 15:24:09,090 - INFO - Fetching URL: http://www.openrice.com/en/hongkong/restaurant/sr1.htm?page=8&searchSort=31&region=0&district_id=5002
2025-01-15 15:24:10,516 - INFO - Successfully fetched URL.
2025-01-15 15:24:10,600 - INFO - Found 15 restaurants.
2025-01-15 15:24:10,600 - INFO - Processing restaurant 1...
2025-01-15 15:24:10,650 - INFO - Processing restaurant 2...
2025-01-15 15:24:10,701 - INFO - Processing restaurant 3...
2025-01-15 15:24:10,750 - INFO - Processing restaurant 4...
2025-01-15 15:24:10,799 - INFO - Processing restaurant 5...
2025-01-15 15:24:10,848 - INFO - Processing restaurant 6...
2025-01-15 15:24:10,905 - INFO - Processing restaurant 7...
2025-01-15 15:24:10,965 - INFO - Processing restaurant 8...
2025-01-15 15:24:11,013 - INFO - Processing restaurant 9...
2025-01-15 15:24:11,060 - INFO - Processing restaurant 10...
2025-01-15 15:24:11,109 - INFO - Processing restaurant 11...
2025-01-15 15:24:11,153 - INFO - Processing restaurant 12...
2025-01-15 15:24:11,200 - INFO - Processing restaurant 13...
2025-01-15 15:24:11,246 - INFO - Processing restaurant 14...
2025-01-15 15:24:11,312 - INFO - Processing restaurant 15...
2025-01-15 15:24:13,365 - INFO - Fetching URL: http://www.openrice.com/en/hongkong/restaurant/sr1.htm?page=9&searchSort=31&region=0&district_id=5002
2025-01-15 15:24:15,086 - INFO - Successfully fetched URL.
2025-01-15 15:24:15,123 - INFO - Found 15 restaurants.
2025-01-15 15:24:15,123 - INFO - Processing restaurant 1...
2025-01-15 15:24:15,171 - INFO - Processing restaurant 2...
2025-01-15 15:24:15,218 - INFO - Processing restaurant 3...
2025-01-15 15:24:15,264 - INFO - Processing restaurant 4...
2025-01-15 15:24:15,311 - INFO - Processing restaurant 5...
2025-01-15 15:24:15,381 - INFO - Processing restaurant 6...
2025-01-15 15:24:15,431 - INFO - Processing restaurant 7...
2025-01-15 15:24:15,477 - INFO - Processing restaurant 8...
2025-01-15 15:24:15,533 - INFO - Processing restaurant 9...
2025-01-15 15:24:15,587 - INFO - Processing restaurant 10...
2025-01-15 15:24:15,640 - INFO - Processing restaurant 11...
2025-01-15 15:24:15,687 - INFO - Processing restaurant 12...
2025-01-15 15:24:15,735 - INFO - Processing restaurant 13...
2025-01-15 15:24:15,799 - INFO - Processing restaurant 14...
2025-01-15 15:24:15,846 - INFO - Processing restaurant 15...
2025-01-15 15:24:17,896 - INFO - Fetching URL: http://www.openrice.com/en/hongkong/restaurant/sr1.htm?page=10&searchSort=31&region=0&district_id=5002
2025-01-15 15:24:19,321 - INFO - Successfully fetched URL.
2025-01-15 15:24:19,376 - INFO - Found 15 restaurants.
2025-01-15 15:24:19,377 - INFO - Processing restaurant 1...
2025-01-15 15:24:19,430 - INFO - Processing restaurant 2...
2025-01-15 15:24:19,492 - INFO - Processing restaurant 3...
2025-01-15 15:24:19,543 - INFO - Processing restaurant 4...
2025-01-15 15:24:19,613 - INFO - Processing restaurant 5...
2025-01-15 15:24:19,663 - INFO - Processing restaurant 6...
2025-01-15 15:24:19,718 - INFO - Processing restaurant 7...
2025-01-15 15:24:19,777 - INFO - Processing restaurant 8...
2025-01-15 15:24:19,838 - INFO - Processing restaurant 9...
2025-01-15 15:24:19,898 - INFO - Processing restaurant 10...
2025-01-15 15:24:19,963 - INFO - Processing restaurant 11...
2025-01-15 15:24:20,036 - INFO - Processing restaurant 12...
2025-01-15 15:24:20,091 - INFO - Processing restaurant 13...
2025-01-15 15:24:20,140 - INFO - Processing restaurant 14...
2025-01-15 15:24:20,199 - INFO - Processing restaurant 15...
2025-01-15 15:24:22,265 - INFO - Fetching URL: http://www.openrice.com/en/hongkong/restaurant/sr1.htm?page=11&searchSort=31&region=0&district_id=5002
2025-01-15 15:24:23,899 - INFO - Successfully fetched URL.
2025-01-15 15:24:23,954 - INFO - Found 15 restaurants.
2025-01-15 15:24:23,954 - INFO - Processing restaurant 1...
2025-01-15 15:24:24,010 - INFO - Processing restaurant 2...
2025-01-15 15:24:24,070 - INFO - Processing restaurant 3...
2025-01-15 15:24:24,153 - INFO - Processing restaurant 4...
2025-01-15 15:24:24,209 - INFO - Processing restaurant 5...
2025-01-15 15:24:24,275 - INFO - Processing restaurant 6...
2025-01-15 15:24:24,387 - INFO - Processing restaurant 7...
2025-01-15 15:24:24,451 - INFO - Processing restaurant 8...
2025-01-15 15:24:24,504 - INFO - Processing restaurant 9...
2025-01-15 15:24:24,567 - INFO - Processing restaurant 10...
2025-01-15 15:24:24,646 - INFO - Processing restaurant 11...
2025-01-15 15:24:24,693 - INFO - Processing restaurant 12...
2025-01-15 15:24:24,750 - INFO - Processing restaurant 13...
2025-01-15 15:24:24,805 - INFO - Processing restaurant 14...
2025-01-15 15:24:24,859 - INFO - Processing restaurant 15...
2025-01-15 15:24:26,922 - INFO - Fetching URL: http://www.openrice.com/en/hongkong/restaurant/sr1.htm?page=12&searchSort=31&region=0&district_id=5002
2025-01-15 15:24:28,399 - INFO - Successfully fetched URL.
2025-01-15 15:24:28,456 - INFO - Found 15 restaurants.
2025-01-15 15:24:28,456 - INFO - Processing restaurant 1...
2025-01-15 15:24:28,584 - INFO - Processing restaurant 2...
2025-01-15 15:24:28,635 - INFO - Processing restaurant 3...
2025-01-15 15:24:28,693 - INFO - Processing restaurant 4...
2025-01-15 15:24:28,742 - INFO - Processing restaurant 5...
2025-01-15 15:24:28,796 - INFO - Processing restaurant 6...
2025-01-15 15:24:28,847 - INFO - Processing restaurant 7...
2025-01-15 15:24:28,895 - INFO - Processing restaurant 8...
2025-01-15 15:24:28,952 - INFO - Processing restaurant 9...
2025-01-15 15:24:29,031 - INFO - Processing restaurant 10...
2025-01-15 15:24:29,083 - INFO - Processing restaurant 11...
2025-01-15 15:24:29,132 - INFO - Processing restaurant 12...
2025-01-15 15:24:29,191 - INFO - Processing restaurant 13...
2025-01-15 15:24:29,247 - INFO - Processing restaurant 14...
2025-01-15 15:24:29,315 - INFO - Processing restaurant 15...
2025-01-15 15:24:31,376 - INFO - Fetching URL: http://www.openrice.com/en/hongkong/restaurant/sr1.htm?page=13&searchSort=31&region=0&district_id=5002
2025-01-15 15:24:32,698 - INFO - Successfully fetched URL.
2025-01-15 15:24:32,781 - INFO - Found 15 restaurants.
2025-01-15 15:24:32,781 - INFO - Processing restaurant 1...
2025-01-15 15:24:32,835 - INFO - Processing restaurant 2...
2025-01-15 15:24:32,889 - INFO - Processing restaurant 3...
2025-01-15 15:24:32,942 - INFO - Processing restaurant 4...
2025-01-15 15:24:32,995 - INFO - Processing restaurant 5...
2025-01-15 15:24:33,052 - INFO - Processing restaurant 6...
2025-01-15 15:24:33,116 - INFO - Processing restaurant 7...
2025-01-15 15:24:33,191 - INFO - Processing restaurant 8...
2025-01-15 15:24:33,299 - INFO - Processing restaurant 9...
2025-01-15 15:24:33,357 - INFO - Processing restaurant 10...
2025-01-15 15:24:33,412 - INFO - Processing restaurant 11...
2025-01-15 15:24:33,470 - INFO - Processing restaurant 12...
2025-01-15 15:24:33,526 - INFO - Processing restaurant 13...
2025-01-15 15:24:33,579 - INFO - Processing restaurant 14...
2025-01-15 15:24:33,639 - INFO - Processing restaurant 15...
2025-01-15 15:24:35,727 - INFO - Fetching URL: http://www.openrice.com/en/hongkong/restaurant/sr1.htm?page=14&searchSort=31&region=0&district_id=5002
2025-01-15 15:24:36,728 - INFO - Successfully fetched URL.
2025-01-15 15:24:36,782 - INFO - Found 15 restaurants.
2025-01-15 15:24:36,782 - INFO - Processing restaurant 1...
2025-01-15 15:24:36,845 - INFO - Processing restaurant 2...
2025-01-15 15:24:36,915 - INFO - Processing restaurant 3...
2025-01-15 15:24:36,972 - INFO - Processing restaurant 4...
2025-01-15 15:24:37,039 - INFO - Processing restaurant 5...
2025-01-15 15:24:37,097 - INFO - Processing restaurant 6...
2025-01-15 15:24:37,173 - INFO - Processing restaurant 7...
2025-01-15 15:24:37,224 - INFO - Processing restaurant 8...
2025-01-15 15:24:37,276 - INFO - Processing restaurant 9...
2025-01-15 15:24:37,340 - INFO - Processing restaurant 10...
2025-01-15 15:24:37,398 - INFO - Processing restaurant 11...
2025-01-15 15:24:37,452 - INFO - Processing restaurant 12...
2025-01-15 15:24:37,507 - INFO - Processing restaurant 13...
2025-01-15 15:24:37,616 - INFO - Processing restaurant 14...
2025-01-15 15:24:37,670 - INFO - Processing restaurant 15...
2025-01-15 15:24:39,727 - INFO - Fetching URL: http://www.openrice.com/en/hongkong/restaurant/sr1.htm?page=15&searchSort=31&region=0&district_id=5002
